<?xml version="1.0" encoding="UTF-8"?>
<!-- Generated by org.testng.reporters.JUnitReportReporter -->
<testsuite hostname="manojkumar-PC" name="testcases.TC_3" tests="1" failures="0" timestamp="16 Dec 2020 04:37:46 GMT" time="79.348" errors="1">
  <testcase name="testcase1" time="79.348" classname="testcases.TC_3">
    <error type="org.openqa.selenium.WebDriverException" message="chrome not reachable
Build info: version: &#039;3.141.59&#039;, revision: &#039;e82be7d358&#039;, time: &#039;2018-11-14T08:17:03&#039;
System info: host: &#039;MANOJKUMAR-PC&#039;, ip: &#039;192.168.1.101&#039;, os.name: &#039;Windows 7&#039;, os.arch: &#039;amd64&#039;, os.version: &#039;6.1&#039;, java.version: &#039;1.8.0_201&#039;
Driver info: driver.version: ChromeDriver
remote stacktrace: Backtrace:
	Ordinal0 [0x006DC0C3+3326147]
	Ordinal0 [0x005C0851+2164817]
	Ordinal0 [0x00447140+618816]
	Ordinal0 [0x0043D334+578356]
	Ordinal0 [0x003C1877+71799]
	Ordinal0 [0x003BE119+57625]
	Ordinal0 [0x003BC38A+50058]
	Ordinal0 [0x003E5F3E+220990]
	Ordinal0 [0x003E5CAC+220332]
	Ordinal0 [0x003E189B+202907]
	Ordinal0 [0x003C3DF4+81396]
	Ordinal0 [0x003C4DEE+85486]
	Ordinal0 [0x003C4D79+85369]
	Ordinal0 [0x005D85DC+2262492]
	GetHandleVerifier [0x00862874+1487204]
	GetHandleVerifier [0x008623CD+1486013]
	GetHandleVerifier [0x0086A368+1518680]
	GetHandleVerifier [0x00862F4E+1488958]
	Ordinal0 [0x005CED0D+2223373]
	Ordinal0 [0x005DA12B+2269483]
	Ordinal0 [0x005DA26F+2269807]
	Ordinal0 [0x005EECB8+2354360]
	BaseThreadInitThunk [0x75A43677+18]
	RtlInitializeExceptionChain [0x77E79D72+99]
	RtlInitializeExceptionChain [0x77E79D45+54]
">
      <![CDATA[org.openqa.selenium.WebDriverException: chrome not reachable
Build info: version: '3.141.59', revision: 'e82be7d358', time: '2018-11-14T08:17:03'
System info: host: 'MANOJKUMAR-PC', ip: '192.168.1.101', os.name: 'Windows 7', os.arch: 'amd64', os.version: '6.1', java.version: '1.8.0_201'
Driver info: driver.version: ChromeDriver
remote stacktrace: Backtrace:
	Ordinal0 [0x006DC0C3+3326147]
	Ordinal0 [0x005C0851+2164817]
	Ordinal0 [0x00447140+618816]
	Ordinal0 [0x0043D334+578356]
	Ordinal0 [0x003C1877+71799]
	Ordinal0 [0x003BE119+57625]
	Ordinal0 [0x003BC38A+50058]
	Ordinal0 [0x003E5F3E+220990]
	Ordinal0 [0x003E5CAC+220332]
	Ordinal0 [0x003E189B+202907]
	Ordinal0 [0x003C3DF4+81396]
	Ordinal0 [0x003C4DEE+85486]
	Ordinal0 [0x003C4D79+85369]
	Ordinal0 [0x005D85DC+2262492]
	GetHandleVerifier [0x00862874+1487204]
	GetHandleVerifier [0x008623CD+1486013]
	GetHandleVerifier [0x0086A368+1518680]
	GetHandleVerifier [0x00862F4E+1488958]
	Ordinal0 [0x005CED0D+2223373]
	Ordinal0 [0x005DA12B+2269483]
	Ordinal0 [0x005DA26F+2269807]
	Ordinal0 [0x005EECB8+2354360]
	BaseThreadInitThunk [0x75A43677+18]
	RtlInitializeExceptionChain [0x77E79D72+99]
	RtlInitializeExceptionChain [0x77E79D45+54]

	at sun.reflect.NativeConstructorAccessorImpl.newInstance0(Native Method)
	at sun.reflect.NativeConstructorAccessorImpl.newInstance(Unknown Source)
	at sun.reflect.DelegatingConstructorAccessorImpl.newInstance(Unknown Source)
	at java.lang.reflect.Constructor.newInstance(Unknown Source)
	at org.openqa.selenium.remote.W3CHandshakeResponse.lambda$errorHandler$0(W3CHandshakeResponse.java:62)
	at org.openqa.selenium.remote.HandshakeResponse.lambda$getResponseFunction$0(HandshakeResponse.java:30)
	at org.openqa.selenium.remote.ProtocolHandshake.lambda$createSession$0(ProtocolHandshake.java:126)
	at java.util.stream.ReferencePipeline$3$1.accept(Unknown Source)
	at java.util.Spliterators$ArraySpliterator.tryAdvance(Unknown Source)
	at java.util.stream.ReferencePipeline.forEachWithCancel(Unknown Source)
	at java.util.stream.AbstractPipeline.copyIntoWithCancel(Unknown Source)
	at java.util.stream.AbstractPipeline.copyInto(Unknown Source)
	at java.util.stream.AbstractPipeline.wrapAndCopyInto(Unknown Source)
	at java.util.stream.FindOps$FindOp.evaluateSequential(Unknown Source)
	at java.util.stream.AbstractPipeline.evaluate(Unknown Source)
	at java.util.stream.ReferencePipeline.findFirst(Unknown Source)
	at org.openqa.selenium.remote.ProtocolHandshake.createSession(ProtocolHandshake.java:128)
	at org.openqa.selenium.remote.ProtocolHandshake.createSession(ProtocolHandshake.java:74)
	at org.openqa.selenium.remote.HttpCommandExecutor.execute(HttpCommandExecutor.java:136)
	at org.openqa.selenium.remote.service.DriverCommandExecutor.execute(DriverCommandExecutor.java:83)
	at org.openqa.selenium.remote.RemoteWebDriver.execute(RemoteWebDriver.java:552)
	at org.openqa.selenium.remote.RemoteWebDriver.startSession(RemoteWebDriver.java:213)
	at org.openqa.selenium.remote.RemoteWebDriver.<init>(RemoteWebDriver.java:131)
	at org.openqa.selenium.chrome.ChromeDriver.<init>(ChromeDriver.java:181)
	at org.openqa.selenium.chrome.ChromeDriver.<init>(ChromeDriver.java:168)
	at org.openqa.selenium.chrome.ChromeDriver.<init>(ChromeDriver.java:123)
	at testcases.TC_3.testcase1(TC_3.java:12)
	at sun.reflect.NativeMethodAccessorImpl.invoke0(Native Method)
	at sun.reflect.NativeMethodAccessorImpl.invoke(Unknown Source)
	at sun.reflect.DelegatingMethodAccessorImpl.invoke(Unknown Source)
	at java.lang.reflect.Method.invoke(Unknown Source)
	at org.testng.internal.MethodInvocationHelper.invokeMethod(MethodInvocationHelper.java:86)
	at org.testng.internal.Invoker.invokeMethod(Invoker.java:643)
	at org.testng.internal.Invoker.invokeTestMethod(Invoker.java:820)
	at org.testng.internal.Invoker.invokeTestMethods(Invoker.java:1128)
	at org.testng.internal.TestMethodWorker.invokeTestMethods(TestMethodWorker.java:129)
	at org.testng.internal.TestMethodWorker.run(TestMethodWorker.java:112)
	at org.testng.TestRunner.privateRun(TestRunner.java:782)
	at org.testng.TestRunner.run(TestRunner.java:632)
	at org.testng.SuiteRunner.runTest(SuiteRunner.java:366)
	at org.testng.SuiteRunner.runSequentially(SuiteRunner.java:361)
	at org.testng.SuiteRunner.privateRun(SuiteRunner.java:319)
	at org.testng.SuiteRunner.run(SuiteRunner.java:268)
	at org.testng.SuiteRunnerWorker.runSuite(SuiteRunnerWorker.java:52)
	at org.testng.SuiteRunnerWorker.run(SuiteRunnerWorker.java:86)
	at org.testng.TestNG.runSuitesSequentially(TestNG.java:1244)
	at org.testng.TestNG.runSuitesLocally(TestNG.java:1169)
	at org.testng.TestNG.run(TestNG.java:1064)
	at org.testng.remote.AbstractRemoteTestNG.run(AbstractRemoteTestNG.java:132)
	at org.testng.remote.RemoteTestNG.initAndRun(RemoteTestNG.java:236)
	at org.testng.remote.RemoteTestNG.main(RemoteTestNG.java:81)
]]>
    </error>
  </testcase> <!-- testcase1 -->
</testsuite> <!-- testcases.TC_3 -->
