<?xml version="1.0" encoding="UTF-8"?>
<!-- Generated by org.testng.reporters.JUnitXMLReporter -->
<testsuite hostname="manojkumar-PC" name="Test" tests="5" failures="1" timestamp="16 Dec 2020 04:37:44 GMT" time="258.3" errors="0">
  <testcase name="testcase1" time="79.348" classname="testcases.TC_3">
    <failure type="org.openqa.selenium.WebDriverException" message="chrome not reachable
Build info: version: &amp;apos;3.141.59&amp;apos;, revision: &amp;apos;e82be7d358&amp;apos;, time: &amp;apos;2018-11-14T08:17:03&amp;apos;
System info: host: &amp;apos;MANOJKUMAR-PC&amp;apos;, ip: &amp;apos;192.168.1.101&amp;apos;, os.name: &amp;apos;Windows 7&amp;apos;, os.arch: &amp;apos;amd64&amp;apos;, os.version: &amp;apos;6.1&amp;apos;, java.version: &amp;apos;1.8.0_201&amp;apos;
Driver info: driver.version: ChromeDriver
remote stacktrace: Backtrace:
	Ordinal0 [0x006DC0C3+3326147]
	Ordinal0 [0x005C0851+2164817]
	Ordinal0 [0x00447140+618816]
	Ordinal0 [0x0043D334+578356]
	Ordinal0 [0x003C1877+71799]
	Ordinal0 [0x003BE119+57625]
	Ordinal0 [0x003BC38A+50058]
	Ordinal0 [0x003E5F3E+220990]
	Ordinal0 [0x003E5CAC+220332]
	Ordinal0 [0x003E189B+202907]
	Ordinal0 [0x003C3DF4+81396]
	Ordinal0 [0x003C4DEE+85486]
	Ordinal0 [0x003C4D79+85369]
	Ordinal0 [0x005D85DC+2262492]
	GetHandleVerifier [0x00862874+1487204]
	GetHandleVerifier [0x008623CD+1486013]
	GetHandleVerifier [0x0086A368+1518680]
	GetHandleVerifier [0x00862F4E+1488958]
	Ordinal0 [0x005CED0D+2223373]
	Ordinal0 [0x005DA12B+2269483]
	Ordinal0 [0x005DA26F+2269807]
	Ordinal0 [0x005EECB8+2354360]
	BaseThreadInitThunk [0x75A43677+18]
	RtlInitializeExceptionChain [0x77E79D72+99]
	RtlInitializeExceptionChain [0x77E79D45+54]
">
      <![CDATA[org.openqa.selenium.WebDriverException: chrome not reachable
Build info: version: '3.141.59', revision: 'e82be7d358', time: '2018-11-14T08:17:03'
System info: host: 'MANOJKUMAR-PC', ip: '192.168.1.101', os.name: 'Windows 7', os.arch: 'amd64', os.version: '6.1', java.version: '1.8.0_201'
Driver info: driver.version: ChromeDriver
remote stacktrace: Backtrace:
	Ordinal0 [0x006DC0C3+3326147]
	Ordinal0 [0x005C0851+2164817]
	Ordinal0 [0x00447140+618816]
	Ordinal0 [0x0043D334+578356]
	Ordinal0 [0x003C1877+71799]
	Ordinal0 [0x003BE119+57625]
	Ordinal0 [0x003BC38A+50058]
	Ordinal0 [0x003E5F3E+220990]
	Ordinal0 [0x003E5CAC+220332]
	Ordinal0 [0x003E189B+202907]
	Ordinal0 [0x003C3DF4+81396]
	Ordinal0 [0x003C4DEE+85486]
	Ordinal0 [0x003C4D79+85369]
	Ordinal0 [0x005D85DC+2262492]
	GetHandleVerifier [0x00862874+1487204]
	GetHandleVerifier [0x008623CD+1486013]
	GetHandleVerifier [0x0086A368+1518680]
	GetHandleVerifier [0x00862F4E+1488958]
	Ordinal0 [0x005CED0D+2223373]
	Ordinal0 [0x005DA12B+2269483]
	Ordinal0 [0x005DA26F+2269807]
	Ordinal0 [0x005EECB8+2354360]
	BaseThreadInitThunk [0x75A43677+18]
	RtlInitializeExceptionChain [0x77E79D72+99]
	RtlInitializeExceptionChain [0x77E79D45+54]

	at org.openqa.selenium.remote.W3CHandshakeResponse.lambda$errorHandler$0(W3CHandshakeResponse.java:62)
	at org.openqa.selenium.remote.HandshakeResponse.lambda$getResponseFunction$0(HandshakeResponse.java:30)
	at org.openqa.selenium.remote.ProtocolHandshake.lambda$createSession$0(ProtocolHandshake.java:126)
	at java.util.stream.ReferencePipeline$3$1.accept(Unknown Source)
	at java.util.Spliterators$ArraySpliterator.tryAdvance(Unknown Source)
	at java.util.stream.ReferencePipeline.forEachWithCancel(Unknown Source)
	at java.util.stream.AbstractPipeline.copyIntoWithCancel(Unknown Source)
	at java.util.stream.AbstractPipeline.copyInto(Unknown Source)
	at java.util.stream.AbstractPipeline.wrapAndCopyInto(Unknown Source)
	at java.util.stream.FindOps$FindOp.evaluateSequential(Unknown Source)
	at java.util.stream.AbstractPipeline.evaluate(Unknown Source)
	at java.util.stream.ReferencePipeline.findFirst(Unknown Source)
	at org.openqa.selenium.remote.ProtocolHandshake.createSession(ProtocolHandshake.java:128)
	at org.openqa.selenium.remote.ProtocolHandshake.createSession(ProtocolHandshake.java:74)
	at org.openqa.selenium.remote.HttpCommandExecutor.execute(HttpCommandExecutor.java:136)
	at org.openqa.selenium.remote.service.DriverCommandExecutor.execute(DriverCommandExecutor.java:83)
	at org.openqa.selenium.remote.RemoteWebDriver.execute(RemoteWebDriver.java:552)
	at org.openqa.selenium.remote.RemoteWebDriver.startSession(RemoteWebDriver.java:213)
	at org.openqa.selenium.remote.RemoteWebDriver.<init>(RemoteWebDriver.java:131)
	at org.openqa.selenium.chrome.ChromeDriver.<init>(ChromeDriver.java:181)
	at org.openqa.selenium.chrome.ChromeDriver.<init>(ChromeDriver.java:168)
	at org.openqa.selenium.chrome.ChromeDriver.<init>(ChromeDriver.java:123)
	at testcases.TC_3.testcase1(TC_3.java:12)
... Removed 28 stack frames]]>
    </failure>
  </testcase> <!-- testcase1 -->
  <testcase name="testcase1" time="91.295" classname="testcases.TC_4"/>
  <testcase name="testcase1" time="36.982" classname="testcases.TC_1"/>
  <testcase name="testcase1" time="22.283" classname="testcases.TC_2"/>
  <testcase name="testcase1" time="28.335" classname="testcases.TC_5"/>
</testsuite> <!-- Test -->
